Started by user unknown or anonymous
Building in workspace /var/lib/jenkins/workspace/MAVEN_DEPLOY
No credentials specified
 > git rev-parse --is-inside-work-tree # timeout=10
Fetching changes from the remote Git repository
 > git config remote.origin.url https://github.com/kaleelcsa/helloworld-java-maven.git # timeout=10
Fetching upstream changes from https://github.com/kaleelcsa/helloworld-java-maven.git
 > git --version # timeout=10
 > git fetch --tags --progress https://github.com/kaleelcsa/helloworld-java-maven.git +refs/heads/*:refs/remotes/origin/*
 > git rev-parse refs/remotes/origin/master^{commit} # timeout=10
 > git rev-parse refs/remotes/origin/origin/master^{commit} # timeout=10
Checking out Revision 24850cb65ad7c7dbf50716ce9d70ed15efb2fdf8 (refs/remotes/origin/master)
 > git config core.sparsecheckout # timeout=10
 > git checkout -f 24850cb65ad7c7dbf50716ce9d70ed15efb2fdf8
Commit message: "Update pom.xml"
 > git rev-list --no-walk 1d4c6669a7a1ab97acb2eb4cdc56adfa979ce39b # timeout=10
[MAVEN_DEPLOY] $ /opt/maven/bin/mvn deploy
[INFO] Scanning for projects...
[8mha:////4KCx0CzJjf8v3n9QYaF8O0EJ//C2l+LehmVrjG4BvuZiAAAAYB+LCAAAAAAAAP9b85aBtbiIQSmjNKU4P0+vJLE4u1gvPjexLDVPzxdEuhYV5Rf55ZekOlc7RKnPKH7IxMBQUcQgBdWQnJ9XnJ+TqucMoUEKGSCAEaSwAACsNFCqYAAAAA==[0m[ERROR] [ERROR] Some problems were encountered while processing the POMs:
[8mha:////4KCx0CzJjf8v3n9QYaF8O0EJ//C2l+LehmVrjG4BvuZiAAAAYB+LCAAAAAAAAP9b85aBtbiIQSmjNKU4P0+vJLE4u1gvPjexLDVPzxdEuhYV5Rf55ZekOlc7RKnPKH7IxMBQUcQgBdWQnJ9XnJ+TqucMoUEKGSCAEaSwAACsNFCqYAAAAA==[0m[ERROR] 'modelVersion' must be one of [4.0.0] but is '2.0.0'. @ line 3, column 17
[8mha:////4KksJGjvrEs9d/YmoFee4L7jv5rTUmnJezrYM9Qgu5LaAAAAYx+LCAAAAAAAAP9b85aBtbiIQSWjNKU4P0+vJLE4u1gvPjexLDVPzxdEhicW5WXmpfvll6S2fNly5fzGzauYGBgqihikoFqS8/OK83NS9ZwhNEghAwQwghQWAACwxA+XYgAAAA==[0m[WARNING] 'build.plugins.plugin.version' for org.apache.maven.plugins:maven-javadoc-plugin is missing. @ line 26, column 11
 @ 
[8mha:////4KCx0CzJjf8v3n9QYaF8O0EJ//C2l+LehmVrjG4BvuZiAAAAYB+LCAAAAAAAAP9b85aBtbiIQSmjNKU4P0+vJLE4u1gvPjexLDVPzxdEuhYV5Rf55ZekOlc7RKnPKH7IxMBQUcQgBdWQnJ9XnJ+TqucMoUEKGSCAEaSwAACsNFCqYAAAAA==[0m[ERROR] The build could not read 1 project -> [Help 1]
[8mha:////4KCx0CzJjf8v3n9QYaF8O0EJ//C2l+LehmVrjG4BvuZiAAAAYB+LCAAAAAAAAP9b85aBtbiIQSmjNKU4P0+vJLE4u1gvPjexLDVPzxdEuhYV5Rf55ZekOlc7RKnPKH7IxMBQUcQgBdWQnJ9XnJ+TqucMoUEKGSCAEaSwAACsNFCqYAAAAA==[0m[ERROR]   
[8mha:////4KCx0CzJjf8v3n9QYaF8O0EJ//C2l+LehmVrjG4BvuZiAAAAYB+LCAAAAAAAAP9b85aBtbiIQSmjNKU4P0+vJLE4u1gvPjexLDVPzxdEuhYV5Rf55ZekOlc7RKnPKH7IxMBQUcQgBdWQnJ9XnJ+TqucMoUEKGSCAEaSwAACsNFCqYAAAAA==[0m[ERROR]   The project test:my-maven:2.0.0 (/var/lib/jenkins/workspace/MAVEN_DEPLOY/pom.xml) has 1 error
[8mha:////4KCx0CzJjf8v3n9QYaF8O0EJ//C2l+LehmVrjG4BvuZiAAAAYB+LCAAAAAAAAP9b85aBtbiIQSmjNKU4P0+vJLE4u1gvPjexLDVPzxdEuhYV5Rf55ZekOlc7RKnPKH7IxMBQUcQgBdWQnJ9XnJ+TqucMoUEKGSCAEaSwAACsNFCqYAAAAA==[0m[ERROR]     'modelVersion' must be one of [4.0.0] but is '2.0.0'. @ line 3, column 17
[8mha:////4KCx0CzJjf8v3n9QYaF8O0EJ//C2l+LehmVrjG4BvuZiAAAAYB+LCAAAAAAAAP9b85aBtbiIQSmjNKU4P0+vJLE4u1gvPjexLDVPzxdEuhYV5Rf55ZekOlc7RKnPKH7IxMBQUcQgBdWQnJ9XnJ+TqucMoUEKGSCAEaSwAACsNFCqYAAAAA==[0m[ERROR] 
[8mha:////4KCx0CzJjf8v3n9QYaF8O0EJ//C2l+LehmVrjG4BvuZiAAAAYB+LCAAAAAAAAP9b85aBtbiIQSmjNKU4P0+vJLE4u1gvPjexLDVPzxdEuhYV5Rf55ZekOlc7RKnPKH7IxMBQUcQgBdWQnJ9XnJ+TqucMoUEKGSCAEaSwAACsNFCqYAAAAA==[0m[ERROR] To see the full stack trace of the errors, re-run Maven with the -e switch.
[8mha:////4KCx0CzJjf8v3n9QYaF8O0EJ//C2l+LehmVrjG4BvuZiAAAAYB+LCAAAAAAAAP9b85aBtbiIQSmjNKU4P0+vJLE4u1gvPjexLDVPzxdEuhYV5Rf55ZekOlc7RKnPKH7IxMBQUcQgBdWQnJ9XnJ+TqucMoUEKGSCAEaSwAACsNFCqYAAAAA==[0m[ERROR] Re-run Maven using the -X switch to enable full debug logging.
[8mha:////4KCx0CzJjf8v3n9QYaF8O0EJ//C2l+LehmVrjG4BvuZiAAAAYB+LCAAAAAAAAP9b85aBtbiIQSmjNKU4P0+vJLE4u1gvPjexLDVPzxdEuhYV5Rf55ZekOlc7RKnPKH7IxMBQUcQgBdWQnJ9XnJ+TqucMoUEKGSCAEaSwAACsNFCqYAAAAA==[0m[ERROR] 
[8mha:////4KCx0CzJjf8v3n9QYaF8O0EJ//C2l+LehmVrjG4BvuZiAAAAYB+LCAAAAAAAAP9b85aBtbiIQSmjNKU4P0+vJLE4u1gvPjexLDVPzxdEuhYV5Rf55ZekOlc7RKnPKH7IxMBQUcQgBdWQnJ9XnJ+TqucMoUEKGSCAEaSwAACsNFCqYAAAAA==[0m[ERROR] For more information about the errors and possible solutions, please read the following articles:
[8mha:////4KCx0CzJjf8v3n9QYaF8O0EJ//C2l+LehmVrjG4BvuZiAAAAYB+LCAAAAAAAAP9b85aBtbiIQSmjNKU4P0+vJLE4u1gvPjexLDVPzxdEuhYV5Rf55ZekOlc7RKnPKH7IxMBQUcQgBdWQnJ9XnJ+TqucMoUEKGSCAEaSwAACsNFCqYAAAAA==[0m[ERROR] [Help 1] http://cwiki.apache.org/confluence/display/MAVEN/ProjectBuildingException
Build step 'Invoke top-level Maven targets' marked build as failure
Finished: FAILURE
