Started by user [8mha:////4LAu0jaGMjeLV3lfPjkJYT7zTe7DOx47k4WiF6KiXDxpAAAAlh+LCAAAAAAAAP9b85aBtbiIQTGjNKU4P08vOT+vOD8nVc83PyU1x6OyILUoJzMv2y+/JJUBAhiZGBgqihhk0NSjKDWzXb3RdlLBUSYGJk8GtpzUvPSSDB8G5tKinBIGIZ+sxLJE/ZzEvHT94JKizLx0a6BxUmjGOUNodHsLgAyWEgYu/dLi1CL9ovz8EgDKVWzSvwAAAA==[0mroot
Building in workspace /var/lib/jenkins/workspace/test
No credentials specified
Cloning the remote Git repository
Cloning repository https://github.com/kaleelcsa/helloworld-java-maven.git
 > git init /var/lib/jenkins/workspace/test # timeout=10
Fetching upstream changes from https://github.com/kaleelcsa/helloworld-java-maven.git
 > git --version # timeout=10
 > git fetch --tags --progress https://github.com/kaleelcsa/helloworld-java-maven.git +refs/heads/*:refs/remotes/origin/*
 > git config remote.origin.url https://github.com/kaleelcsa/helloworld-java-maven.git # timeout=10
 > git config --add remote.origin.fetch +refs/heads/*:refs/remotes/origin/* # timeout=10
 > git config remote.origin.url https://github.com/kaleelcsa/helloworld-java-maven.git # timeout=10
Fetching upstream changes from https://github.com/kaleelcsa/helloworld-java-maven.git
 > git fetch --tags --progress https://github.com/kaleelcsa/helloworld-java-maven.git +refs/heads/*:refs/remotes/origin/*
 > git rev-parse refs/remotes/origin/master^{commit} # timeout=10
 > git rev-parse refs/remotes/origin/origin/master^{commit} # timeout=10
Checking out Revision 57db9be947a86ed9b9e38f23e9266a38c40c906d (refs/remotes/origin/master)
 > git config core.sparsecheckout # timeout=10
 > git checkout -f 57db9be947a86ed9b9e38f23e9266a38c40c906d
Commit message: "IN-1 DEPLOYMENT"
First time build. Skipping changelog.
Parsing POMs
Discovered a new module com.scmgalaxy.mavensample:my-maven my-maven
Modules changed, recalculating dependency graph
Established TCP socket on 39660
[test] $ "/usr/lib/jvm/ jre-1.8.0-openjdk/bin/java" -cp /var/lib/jenkins/plugins/maven-plugin/WEB-INF/lib/maven35-agent-1.12.jar:/opt/maven/boot/plexus-classworlds-2.5.2.jar:/opt/maven/conf/logging jenkins.maven3.agent.Maven35Main /opt/maven /var/cache/jenkins/war/WEB-INF/lib/remoting-3.29.jar /var/lib/jenkins/plugins/maven-plugin/WEB-INF/lib/maven35-interceptor-1.12.jar /var/lib/jenkins/plugins/maven-plugin/WEB-INF/lib/maven3-interceptor-commons-1.12.jar 39660
[test] $ /opt/maven/bin/mvn test
The JAVA_HOME environment variable is not defined correctly
This environment variable is needed to run this program
NB: JAVA_HOME should point to a JDK not a JRE
Build step 'Invoke top-level Maven targets' marked build as failure
ERROR: Failed to parse POMs
java.io.IOException: Cannot run program "/usr/lib/jvm/ jre-1.8.0-openjdk/bin/java" (in directory "/var/lib/jenkins/workspace/test"): error=2, No such file or directory
	at java.lang.ProcessBuilder.start(ProcessBuilder.java:1048)
	at hudson.Proc$LocalProc.<init>(Proc.java:249)
	at hudson.Proc$LocalProc.<init>(Proc.java:218)
	at hudson.Launcher$LocalLauncher.launch(Launcher.java:936)
	at hudson.Launcher$ProcStarter.start(Launcher.java:455)
	at hudson.maven.AbstractMavenProcessFactory.newProcess(AbstractMavenProcessFactory.java:278)
	at hudson.maven.ProcessCache.get(ProcessCache.java:236)
	at hudson.maven.MavenModuleSetBuild$MavenModuleSetBuildExecution.doRun(MavenModuleSetBuild.java:804)
	at hudson.model.AbstractBuild$AbstractBuildExecution.run(AbstractBuild.java:504)
	at hudson.model.Run.execute(Run.java:1816)
	at hudson.maven.MavenModuleSetBuild.run(MavenModuleSetBuild.java:543)
	at hudson.model.ResourceController.execute(ResourceController.java:97)
	at hudson.model.Executor.run(Executor.java:429)
Caused by: java.io.IOException: error=2, No such file or directory
	at java.lang.UNIXProcess.forkAndExec(Native Method)
	at java.lang.UNIXProcess.<init>(UNIXProcess.java:247)
	at java.lang.ProcessImpl.start(ProcessImpl.java:134)
	at java.lang.ProcessBuilder.start(ProcessBuilder.java:1029)
	... 12 more
Finished: FAILURE
